<?xml version="1.0" encoding="UTF-8"?>
<!-- Generated by org.testng.reporters.JUnitReportReporter -->
<testsuite hostname="DESKTOP-BJOMOFE" failures="0" tests="2" name="forever.app.TS_8" time="3.844" errors="0" timestamp="2025-05-18T18:10:49 IST" skipped="0">
  <testcase classname="forever.app.TS_8" name="TC_011" time="2.008"/>
  <testcase classname="forever.app.TS_8" name="TC_012" time="1.836"/>
</testsuite> <!-- forever.app.TS_8 -->
