<?xml version="1.0" encoding="UTF-8"?>
<!-- Generated by org.testng.reporters.JUnitReportReporter -->
<testsuite hostname="DESKTOP-BJOMOFE" failures="0" tests="1" name="forever.app.TS_001" time="2.556" errors="0" timestamp="2025-05-11T15:51:58 IST" skipped="0">
  <testcase classname="forever.app.TS_001" name="TC_001" time="2.556"/>
</testsuite> <!-- forever.app.TS_001 -->
