<?xml version="1.0" encoding="UTF-8"?>
<!-- Generated by org.testng.reporters.JUnitReportReporter -->
<testsuite hostname="DESKTOP-BJOMOFE" failures="0" tests="3" name="forever.app.TS_18" time="9.056" errors="0" timestamp="2025-05-18T18:10:49 IST" skipped="0">
  <testcase classname="forever.app.TS_18" name="TC_050" time="2.876"/>
  <testcase classname="forever.app.TS_18" name="TC_048" time="3.195"/>
  <testcase classname="forever.app.TS_18" name="TC_049" time="2.985"/>
</testsuite> <!-- forever.app.TS_18 -->
