<?xml version="1.0" encoding="UTF-8"?>
<!-- Generated by org.testng.reporters.JUnitReportReporter -->
<testsuite hostname="DESKTOP-BJOMOFE" failures="0" tests="2" name="forever.app.TS_004" time="3.867" errors="0" timestamp="2025-05-18T18:10:49 IST" skipped="0">
  <testcase classname="forever.app.TS_004" name="TC_007" time="1.955"/>
  <testcase classname="forever.app.TS_004" name="TC_008" time="1.912"/>
</testsuite> <!-- forever.app.TS_004 -->
