<?xml version="1.0" encoding="UTF-8"?>
<!-- Generated by org.testng.reporters.JUnitReportReporter -->
<testsuite hostname="DESKTOP-BJOMOFE" failures="0" tests="3" name="forever.app.TS_16" time="7.605" errors="0" timestamp="2025-05-18T18:10:49 IST" skipped="0">
  <testcase classname="forever.app.TS_16" name="TC_041" time="2.068"/>
  <testcase classname="forever.app.TS_16" name="TC_042" time="3.452"/>
  <testcase classname="forever.app.TS_16" name="TC_040" time="2.085"/>
</testsuite> <!-- forever.app.TS_16 -->
