<?xml version="1.0" encoding="UTF-8"?>
<!-- Generated by org.testng.reporters.JUnitReportReporter -->
<testsuite hostname="DESKTOP-BJOMOFE" failures="0" tests="3" name="forever.app.TS_22" time="12.212" errors="0" timestamp="2025-05-18T18:10:49 IST" skipped="0">
  <testcase classname="forever.app.TS_22" name="TC_057" time="2.864"/>
  <testcase classname="forever.app.TS_22" name="TC_058" time="2.592"/>
  <testcase classname="forever.app.TS_22" name="TC_056" time="6.756"/>
</testsuite> <!-- forever.app.TS_22 -->
