<?xml version="1.0" encoding="UTF-8"?>
<!-- Generated by org.testng.reporters.JUnitReportReporter -->
<testsuite hostname="DESKTOP-BJOMOFE" failures="0" tests="2" name="forever.app.TS_10" time="3.983" errors="0" timestamp="2025-05-18T18:10:49 IST" skipped="0">
  <testcase classname="forever.app.TS_10" name="TC_019" time="2.003"/>
  <testcase classname="forever.app.TS_10" name="TC_020" time="1.980"/>
</testsuite> <!-- forever.app.TS_10 -->
