<?xml version="1.0" encoding="UTF-8"?>
<!-- Generated by org.testng.reporters.JUnitReportReporter -->
<testsuite hostname="DESKTOP-BJOMOFE" failures="0" tests="2" name="forever.app.TS_002" time="3.825" errors="0" timestamp="2025-05-18T18:10:49 IST" skipped="0">
  <testcase classname="forever.app.TS_002" name="TC_003" time="1.982"/>
  <testcase classname="forever.app.TS_002" name="TC_004" time="1.843"/>
</testsuite> <!-- forever.app.TS_002 -->
