<?xml version="1.0" encoding="UTF-8"?>
<!-- Generated by org.testng.reporters.JUnitReportReporter -->
<testsuite hostname="DESKTOP-BJOMOFE" failures="0" tests="2" name="forever.app.TS_6" time="4.218" errors="0" timestamp="2025-05-18T18:10:49 IST" skipped="0">
  <testcase classname="forever.app.TS_6" name="TC_015" time="2.107"/>
  <testcase classname="forever.app.TS_6" name="TC_016" time="2.111"/>
</testsuite> <!-- forever.app.TS_6 -->
